<?xml version="1.0" encoding="UTF-8"?>
<testng-results ignored="0" total="11" passed="11" failed="0" skipped="0">
  <reporter-output>
  </reporter-output>
  <suite started-at="2020-04-01T15:42:54Z" name="Default Suite" finished-at="2020-04-01T15:42:57Z" duration-ms="2550">
    <groups>
    </groups>
    <test started-at="2020-04-01T15:42:54Z" name="trainingcenter" finished-at="2020-04-01T15:42:57Z" duration-ms="2550">
      <class name="test.CourseTest">
        <test-method signature="getByProf()[pri:0, instance:test.CourseTest@4eb7f003]" started-at="2020-04-01T15:42:57Z" name="getByProf" finished-at="2020-04-01T15:42:57Z" duration-ms="25" status="PASS">
          <reporter-output>
          </reporter-output>
        </test-method> <!-- getByProf -->
      </class> <!-- test.CourseTest -->
      <class name="test.AdminTest">
        <test-method signature="getById()[pri:0, instance:test.AdminTest@87f383f]" started-at="2020-04-01T15:42:54Z" name="getById" finished-at="2020-04-01T15:42:57Z" duration-ms="2404" status="PASS">
          <reporter-output>
          </reporter-output>
        </test-method> <!-- getById -->
        <test-method signature="getByLogin()[pri:0, instance:test.AdminTest@87f383f]" started-at="2020-04-01T15:42:57Z" name="getByLogin" finished-at="2020-04-01T15:42:57Z" duration-ms="7" status="PASS">
          <reporter-output>
          </reporter-output>
        </test-method> <!-- getByLogin -->
        <test-method signature="insert()[pri:0, instance:test.AdminTest@87f383f]" started-at="2020-04-01T15:42:57Z" name="insert" finished-at="2020-04-01T15:42:57Z" duration-ms="15" status="PASS">
          <reporter-output>
          </reporter-output>
        </test-method> <!-- insert -->
        <test-method signature="update()[pri:1, instance:test.AdminTest@87f383f]" started-at="2020-04-01T15:42:57Z" name="update" finished-at="2020-04-01T15:42:57Z" duration-ms="5" status="PASS">
          <reporter-output>
          </reporter-output>
        </test-method> <!-- update -->
        <test-method signature="getall()[pri:1, instance:test.AdminTest@87f383f]" started-at="2020-04-01T15:42:57Z" name="getall" finished-at="2020-04-01T15:42:57Z" duration-ms="2" status="PASS">
          <reporter-output>
          </reporter-output>
        </test-method> <!-- getall -->
        <test-method signature="delete()[pri:2, instance:test.AdminTest@87f383f]" started-at="2020-04-01T15:42:57Z" name="delete" finished-at="2020-04-01T15:42:57Z" duration-ms="3" status="PASS">
          <reporter-output>
          </reporter-output>
        </test-method> <!-- delete -->
      </class> <!-- test.AdminTest -->
      <class name="test.StdLessTest">
        <test-method signature="getByStudent()[pri:0, instance:test.StdLessTest@612fc6eb]" started-at="2020-04-01T15:42:57Z" name="getByStudent" finished-at="2020-04-01T15:42:57Z" duration-ms="12" status="PASS">
          <reporter-output>
          </reporter-output>
        </test-method> <!-- getByStudent -->
        <test-method signature="testHystory()[pri:0, instance:test.StdLessTest@612fc6eb]" started-at="2020-04-01T15:42:57Z" name="testHystory" finished-at="2020-04-01T15:42:57Z" duration-ms="22" status="PASS">
          <reporter-output>
          </reporter-output>
        </test-method> <!-- testHystory -->
      </class> <!-- test.StdLessTest -->
      <class name="test.LessonTest">
        <test-method signature="getByCourse()[pri:0, instance:test.LessonTest@eafc191]" started-at="2020-04-01T15:42:57Z" name="getByCourse" finished-at="2020-04-01T15:42:57Z" duration-ms="14" status="PASS">
          <reporter-output>
          </reporter-output>
        </test-method> <!-- getByCourse -->
        <test-method signature="getByTime()[pri:0, instance:test.LessonTest@eafc191]" started-at="2020-04-01T15:42:57Z" name="getByTime" finished-at="2020-04-01T15:42:57Z" duration-ms="9" status="PASS">
          <reporter-output>
          </reporter-output>
        </test-method> <!-- getByTime -->
      </class> <!-- test.LessonTest -->
    </test> <!-- trainingcenter -->
  </suite> <!-- Default Suite -->
</testng-results>
